2024-07-15 19:43:52,732 - INFO - AccountMonitor: State loaded from account_monitor_state.json up to block 0.
2024-07-15 19:43:57,738 - INFO - AccountMonitor: Updating account 0x123 liquidity.
2024-07-15 19:43:57,738 - INFO - AccountMonitor: Updating account 0x789 liquidity.
2024-07-15 19:43:57,738 - INFO - AccountMonitor: Updating account 0x456 liquidity.
2024-07-15 19:43:57,738 - INFO - Account: Account 0x123 health score: 1.3997688889975466
2024-07-15 19:43:57,738 - INFO - AccountMonitor: Waiting for queue to be non-empty.
2024-07-15 19:43:57,738 - INFO - Account: Account 0x789 health score: 0.7726362255096402
2024-07-15 19:43:57,738 - INFO - Account: Account 0x456 health score: 0.7428574069439539
2024-07-15 19:43:57,738 - INFO - Account: Account 0x123 next update scheduled for 2024-07-15 19:44:11
2024-07-15 19:43:57,738 - INFO - Account: Account 0x789 next update scheduled for 2024-07-15 19:44:05
2024-07-15 19:43:57,738 - INFO - Account: Account 0x456 next update scheduled for 2024-07-15 19:44:05
2024-07-15 19:43:57,738 - INFO - AccountMonitor: Account 0x789 is unhealthy, checking liquidation profitability.
2024-07-15 19:43:57,738 - INFO - AccountMonitor: Account 0x456 is unhealthy, checking liquidation profitability.
2024-07-15 19:44:02,743 - INFO - AccountMonitor: Account 0x123 already in list with controller vault1.
2024-07-15 19:44:02,743 - INFO - Account: Account 0x123 health score: 1.2468691696864478
2024-07-15 19:44:02,743 - INFO - Account: Account 0x123 next update scheduled for 2024-07-15 19:44:15
2024-07-15 19:44:05,172 - INFO - AccountMonitor: Updating account 0x456 liquidity.
2024-07-15 19:44:05,173 - INFO - Account: Account 0x456 health score: 0.8016766003719614
2024-07-15 19:44:05,173 - INFO - Account: Account 0x456 next update scheduled for 2024-07-15 19:44:13
2024-07-15 19:44:05,173 - INFO - AccountMonitor: Account 0x456 is unhealthy, checking liquidation profitability.
2024-07-15 19:44:05,470 - INFO - AccountMonitor: Updating account 0x789 liquidity.
2024-07-15 19:44:05,471 - INFO - Account: Account 0x789 health score: 0.749516987749751
2024-07-15 19:44:05,471 - INFO - Account: Account 0x789 next update scheduled for 2024-07-15 19:44:12
2024-07-15 19:44:05,471 - INFO - AccountMonitor: Account 0x789 is unhealthy, checking liquidation profitability.
2024-07-15 19:44:07,748 - INFO - AccountMonitor: Account 0x456 already in list with controller vault2.
2024-07-15 19:44:07,748 - INFO - Account: Account 0x456 health score: 0.8813901119016754
2024-07-15 19:44:07,748 - INFO - Account: Account 0x456 next update scheduled for 2024-07-15 19:44:16
2024-07-15 19:44:11,741 - INFO - AccountMonitor: Updating account 0x123 liquidity.
2024-07-15 19:44:11,742 - INFO - Account: Account 0x123 health score: 1.3681115374068045
2024-07-15 19:44:11,742 - INFO - Account: Account 0x123 next update scheduled for 2024-07-15 19:44:25
2024-07-15 19:44:12,753 - INFO - AccountMonitor: Account 0x789 already in list with controller vault3.
2024-07-15 19:44:12,753 - INFO - Account: Account 0x789 health score: 0.6459293839578201
2024-07-15 19:44:12,753 - INFO - Account: Account 0x789 next update scheduled for 2024-07-15 19:44:19
2024-07-15 19:44:12,971 - INFO - AccountMonitor: Updating account 0x789 liquidity.
2024-07-15 19:44:12,972 - INFO - Account: Account 0x789 health score: 0.6404169147462794
2024-07-15 19:44:12,972 - INFO - Account: Account 0x789 next update scheduled for 2024-07-15 19:44:19
2024-07-15 19:44:12,972 - INFO - AccountMonitor: Account 0x789 is unhealthy, checking liquidation profitability.
2024-07-15 19:44:13,193 - INFO - AccountMonitor: Updating account 0x456 liquidity.
2024-07-15 19:44:13,194 - INFO - Account: Account 0x456 health score: 1.114859206678118
2024-07-15 19:44:13,194 - INFO - Account: Account 0x456 next update scheduled for 2024-07-15 19:44:24
2024-07-15 19:44:27,744 - INFO - AccountMonitor: State saved at time 2024-07-15 19:44:27 up to block 0
2024-07-15 19:44:57,750 - INFO - AccountMonitor: State saved at time 2024-07-15 19:44:57 up to block 0
2024-07-15 19:45:27,757 - INFO - AccountMonitor: State saved at time 2024-07-15 19:45:27 up to block 0
2024-07-15 19:45:57,762 - INFO - AccountMonitor: State saved at time 2024-07-15 19:45:57 up to block 0
